0 info it worked if it ends with ok
1 verbose cli [ 'C:\\Program Files\\nodejs\\\\node.exe',
1 verbose cli   'C:\\Program Files\\nodejs\\node_modules\\npm\\bin\\npm-cli.js',
1 verbose cli   'install',
1 verbose cli   '-g',
1 verbose cli   'imageoptim-cli' ]
2 info using npm@1.4.3
3 info using node@v0.10.26
4 verbose node symlink C:\Program Files\nodejs\\node.exe
5 verbose cache add [ 'imageoptim-cli', null ]
6 verbose cache add name=undefined spec="imageoptim-cli" args=["imageoptim-cli",null]
7 verbose parsed url { protocol: null,
7 verbose parsed url   slashes: null,
7 verbose parsed url   auth: null,
7 verbose parsed url   host: null,
7 verbose parsed url   port: null,
7 verbose parsed url   hostname: null,
7 verbose parsed url   hash: null,
7 verbose parsed url   search: null,
7 verbose parsed url   query: null,
7 verbose parsed url   pathname: 'imageoptim-cli',
7 verbose parsed url   path: 'imageoptim-cli',
7 verbose parsed url   href: 'imageoptim-cli' }
8 silly lockFile 2930c2eb-imageoptim-cli imageoptim-cli
9 verbose lock imageoptim-cli C:\Users\aotten.JOINMEDIA\AppData\Roaming\npm-cache\2930c2eb-imageoptim-cli.lock
10 silly lockFile 2930c2eb-imageoptim-cli imageoptim-cli
11 silly lockFile 2930c2eb-imageoptim-cli imageoptim-cli
12 verbose addNamed [ 'imageoptim-cli', '' ]
13 verbose addNamed [ null, '*' ]
14 silly lockFile 2010c03c-imageoptim-cli imageoptim-cli@
15 verbose lock imageoptim-cli@ C:\Users\aotten.JOINMEDIA\AppData\Roaming\npm-cache\2010c03c-imageoptim-cli.lock
16 silly addNameRange { name: 'imageoptim-cli', range: '*', hasData: false }
17 verbose url raw imageoptim-cli
18 verbose url resolving [ 'https://registry.npmjs.org/', './imageoptim-cli' ]
19 verbose url resolved https://registry.npmjs.org/imageoptim-cli
20 info trying registry request attempt 1 at 15:30:51
21 verbose etag "DZ2NSUIH7VUBW52942W0U4YMT"
22 http GET https://registry.npmjs.org/imageoptim-cli
23 http 304 https://registry.npmjs.org/imageoptim-cli
24 silly registry.get cb [ 304,
24 silly registry.get   { date: 'Wed, 20 Aug 2014 13:30:53 GMT',
24 silly registry.get     server: 'Apache',
24 silly registry.get     via: '1.1 varnish',
24 silly registry.get     'last-modified': 'Wed, 20 Aug 2014 13:30:53 GMT',
24 silly registry.get     'cache-control': 'max-age=60',
24 silly registry.get     etag: '"DZ2NSUIH7VUBW52942W0U4YMT"',
24 silly registry.get     'x-served-by': 'cache-ams4121-AMS',
24 silly registry.get     'x-cache': 'HIT',
24 silly registry.get     'x-cache-hits': '1',
24 silly registry.get     'x-timer': 'S1408541453.546632,VS0,VE173',
24 silly registry.get     vary: 'Accept',
24 silly registry.get     'content-length': '0',
24 silly registry.get     'keep-alive': 'timeout=10, max=50',
24 silly registry.get     connection: 'Keep-Alive' } ]
25 verbose etag imageoptim-cli from cache
26 silly addNameRange number 2 { name: 'imageoptim-cli', range: '*', hasData: true }
27 silly addNameRange versions [ 'imageoptim-cli',
27 silly addNameRange   [ '1.0.0',
27 silly addNameRange     '1.0.4',
27 silly addNameRange     '1.1.1',
27 silly addNameRange     '1.1.2',
27 silly addNameRange     '1.1.3',
27 silly addNameRange     '1.1.4',
27 silly addNameRange     '1.1.5',
27 silly addNameRange     '1.3.1',
27 silly addNameRange     '1.3.2',
27 silly addNameRange     '1.4.0',
27 silly addNameRange     '1.4.1',
27 silly addNameRange     '1.4.2',
27 silly addNameRange     '1.4.4',
27 silly addNameRange     '1.4.5',
27 silly addNameRange     '1.6.8',
27 silly addNameRange     '1.6.12',
27 silly addNameRange     '1.6.13',
27 silly addNameRange     '1.6.14',
27 silly addNameRange     '1.6.15',
27 silly addNameRange     '1.6.18',
27 silly addNameRange     '1.6.19',
27 silly addNameRange     '1.7.1',
27 silly addNameRange     '1.7.2',
27 silly addNameRange     '1.7.3',
27 silly addNameRange     '1.7.9',
27 silly addNameRange     '1.7.10',
27 silly addNameRange     '1.7.11' ] ]
28 verbose addNamed [ 'imageoptim-cli', '1.7.11' ]
29 verbose addNamed [ '1.7.11', '1.7.11' ]
30 silly lockFile fffd76f8-imageoptim-cli-1-7-11 imageoptim-cli@1.7.11
31 verbose lock imageoptim-cli@1.7.11 C:\Users\aotten.JOINMEDIA\AppData\Roaming\npm-cache\fffd76f8-imageoptim-cli-1-7-11.lock
32 silly lockFile fffd76f8-imageoptim-cli-1-7-11 imageoptim-cli@1.7.11
33 silly lockFile fffd76f8-imageoptim-cli-1-7-11 imageoptim-cli@1.7.11
34 silly lockFile 2010c03c-imageoptim-cli imageoptim-cli@
35 silly lockFile 2010c03c-imageoptim-cli imageoptim-cli@
36 silly resolved [ { name: 'imageoptim-cli',
36 silly resolved     author: { name: 'Jamie Mason', url: 'https://github.com/JamieMason' },
36 silly resolved     description: 'Automates ImageOptim, ImageAlpha, and JPEGmini for Mac to make batch optimisation of images part of your automated build process.',
36 silly resolved     homepage: 'https://github.com/JamieMason/ImageOptim-CLI',
36 silly resolved     bugs: { url: 'https://github.com/JamieMason/ImageOptim-CLI/issues' },
36 silly resolved     main: './bin/imageOptim',
36 silly resolved     version: '1.7.11',
36 silly resolved     repository:
36 silly resolved      { type: 'git',
36 silly resolved        url: 'git://github.com/JamieMason/ImageOptim-CLI.git' },
36 silly resolved     bin:
36 silly resolved      { imageOptim: 'bin/imageOptim',
36 silly resolved        imageOptimAppleScriptLib: 'bin/imageOptimAppleScriptLib',
36 silly resolved        imageOptimBashLib: 'bin/imageOptimBashLib' },
36 silly resolved     licenses: [ [Object] ],
36 silly resolved     keywords:
36 silly resolved      [ 'advpng',
36 silly resolved        'build',
36 silly resolved        'codekit',
36 silly resolved        'compress',
36 silly resolved        'gifsicle',
36 silly resolved        'imagealpha',
36 silly resolved        'imagemin',
36 silly resolved        'imageoptim',
36 silly resolved        'images',
36 silly resolved        'jpegmini',
36 silly resolved        'jpegoptim',
36 silly resolved        'jpegtran',
36 silly resolved        'kraken',
36 silly resolved        'mac',
36 silly resolved        'optimisation',
36 silly resolved        'optimise',
36 silly resolved        'optimization',
36 silly resolved        'optimize',
36 silly resolved        'optipng',
36 silly resolved        'osx',
36 silly resolved        'pngcrush',
36 silly resolved        'pngout',
36 silly resolved        'smushit',
36 silly resolved        'tinypng' ],
36 silly resolved     scripts: { test: 'grunt test' },
36 silly resolved     peerDependencies: { grunt: '~0.4.1' },
36 silly resolved     devDependencies:
36 silly resolved      { 'grunt-contrib-concat': '~0.3.0',
36 silly resolved        'grunt-contrib-jshint': '~0.6.0',
36 silly resolved        'grunt-contrib-watch': '~0.5.3',
36 silly resolved        'grunt-shell': '~0.5.0' },
36 silly resolved     contributors: [ [Object], [Object], [Object] ],
36 silly resolved     readme: '# ImageOptim-CLI\n\n> Automates [ImageOptim](http://imageoptim.com), [ImageAlpha](http://pngmini.com), and\n> [JPEGmini for Mac](http://jpegmini.com/mac) to make batch optimisation of images part of your\n> automated build process.\n\nWhile other image optimization tools are available from the command line, ImageOptim-CLI exists\nbecause the [current benchmarks](http://jamiemason.github.io/ImageOptim-CLI/) suggest that\nImageOptim, ImageAlpha and JPEGmini currently outperform those alternatives over lossless and\nlossy optimizations.\n\nCheck out this short [video demo of ImageOptim-CLI](https://www.youtube.com/watch?v=HGBounRIzSs) to\nsee how it works.\n\n\n\n\n## Contents\n\n+ [Installation](#installation)\n  + [Manual Installation](#manual-installation)\n+ [Usage](#usage)\n+ [Examples](#examples)\n  + [Optimise a directory of images](#optimise-a-directory-of-images)\n  + [Optimise a filtered set of images](#optimise-a-filtered-set-of-images)\n  + [Passing additional options](#passing-additional-options)\n  + [Adding to git pre-commit hook](#adding-to-git-pre-commit-hook)\n+ [Related projects](#related-projects)\n  + [Grunt plugin](#grunt-plugin)\n  + [Comparison of image optimization tools](#comparison-of-image-optimization-tools)\n  + [Article for Smashing Magazine](#article-for-smashing-magazine)\n  + [Alfred workflow](#alfred-workflow)\n  + [Gulp Plugin](#gulp-plugin)\n+ [FAQs](#faqs)\n  + [General](#general)\n  + [ImageOptim](#imageoptim)\n  + [ImageAlpha](#imagealpha)\n  + [JPEGmini](#jpegmini)\n  + [Windows and Linux](#windows-and-linux)\n\n\n\n\n## Installation\n\nImageOptim-CLI is written in Shell and AppleScript, you don\'t _need_ Node.js to run it.\n[npm](https://npmjs.org/) is suggested because it makes installation very convenient.\n\n    $ npm install -g imageoptim-cli\n\n\n### Manual Installation\n\nYou can install manually by downloading the latest zip then adding ImageOptim-CLI to your\n[$PATH](https://en.wikipedia.org/wiki/PATH_\\(variable\\)).\n\n\t$ curl --output imageoptim-cli.zip https://codeload.github.com/JamieMason/ImageOptim-CLI/zip/1.7.11\n\t$ unzip imageoptim-cli.zip\n\t$ export PATH=$PATH:imageoptim-cli/bin\n\n> Saving somewhere in your home directory such as `~/imageoptim-cli` is recommended, but not\nessential. Saving to `/Applications` is **not** recommended, do not do this.\n\n\n\n\n## Usage\n    Usage: imageOptim [options]\n    \n    Options:\n    \n      -d, --directory     directory of images to process\n      -a, --image-alpha   pre-process PNGs with ImageAlpha.app *\n      -j, --jpeg-mini     pre-process JPGs with JPEGmini.app **\n      -q, --quit          quit all apps when complete\n      -h, --help          display this usage information\n      -e, --examples      display some example commands and uses\n      -v, --version       display the version number\n    \n    *  http://pngmini.com\n    ** https://itunes.apple.com/us/app/jpegmini/id498944723\n    \n\n\n\n\n\n## Examples\n### Optimise a directory of images\n\nThis command will optimise all image files in your Awesome project.\n\n    imageOptim --directory ~/Sites/Awesome # [options]\n\n### Optimise a filtered set of images\n\nThis command will optimise just the .jpg files in your Awesome project.\n\n    find ~/Sites/Awesome -name \'*.jpg\' | imageOptim # [options]\n\n### Passing additional options\n\nThe long format for enabling options is as follows;\n\n    imageOptim --jpeg-mini --image-alpha --quit --directory path/to/images\n\nThe equivalent of the above in short format is as follows;\n\n    imageOptim -j -a -q -d path/to/images\n\n### Adding to git pre-commit hook\n\nAdding the below to **your_project/.git/hooks/pre-commit** will run ImageOptim-CLI\neach time you commit new and changed files into your project. Any files which\naren\'t images will be ignored.\n\n    git diff --cached --name-only --diff-filter=ACM | imageOptim # [options]\n\n\n\n\n\n\n\n\n## Related Projects\n\n\n### Grunt Plugin\n\nThe ImageOptim-CLI [Grunt](http://gruntjs.com) plugin\nis [grunt-imageoptim](https://github.com/JamieMason/grunt-imageoptim).\n\n\n### Comparison of image optimization tools\n\nImageOptim-CLI features in this comparison of the [performance of image optimisation\ntools](http://jamiemason.github.io/ImageOptim-CLI/) alongside Kraken.io, CodeKit,\ngrunt-contrib-imagemin, Smush.it, and TinyPNG.\n\n\n### Article for Smashing Magazine\n\n[How Optimized Are Your Images? Meet ImageOptim-CLI, a Batch Compression\nTool](http://www.smashingmagazine.com/2013/12/17/imageoptim-cli-batch-compression-tool/)\n\n\n### Alfred Workflow\n\nThe ImageOptim-CLI Workflow for Alfred app\nis [alfred-image-optim-workflow](https://github.com/ramiroaraujo/alfred-image-optim-workflow)\n\n\n### Gulp Plugin\n\nThe ImageOptim-CLI [Gulp](http://gulpjs.com) plugin is\n[gulp-imageoptim](https://github.com/JamieMason/gulp-imageoptim).\n\n\n\n\n## FAQs\n\n\n\n\n\n### General\n\n#### Do ImageOptim, ImageAlpha, or JPEGmini come bundled with the ImageOptim-CLI installation?\n\nYou will need to install these applications separately.\n\n#### Do I have to pay to use ImageOptim-CLI?\n\nThe CLI, ImageOptim and ImageAlpha are all free. JPEGmini is a paid-for product but you can use\nImageOptim-CLI and choose not to run JPEGmini.\n\n#### Why are shorthand options supplied in the format `imageoptim -a -j -q` instead of the more common `imageoptim -ajq`?\n\nThis was an early mistake which now needs supporting for backwards compatibility.\n[Issue 21](https://github.com/JamieMason/ImageOptim-CLI/issues/21) is open to add support for\nthe `-ajq` format as well as the current format.\n\n#### The WebP image format looks promising, can you get ImageOptim-CLI to convert images to it?\n\nWebP looks great and may well overtake the formats handled by ImageOptim-CLI, but converting images\nto WebP is outside ImageOptim-CLI\'s chosen remit.\n\n#### Can you get ImageOptim-CLI to skip images it has already processed, if they haven\'t changed?\n\nJPEGmini does this today, but for ImageOptim and ImageAlpha I feel a feature like this belongs\nin those applications rather than this automator.\n\n\n\n\n### ImageOptim\n\n\n#### ImageOptim got my fans ackin\' straight up Cray Cray.\n\nOptimising images is a pretty intensive process, so instead of optimising one image at a time (which\nwould take forever) — ImageOptim optimises many images at the same time until all of them are done.\n\nA side effect of this is that the fans come on at full power to keep your machine cool while it\'s\nmaxed out.\n\n\n\n\n\n### ImageAlpha\n\n#### I don\'t think ImageAlpha is running, I can\'t see anything.\n\nImageOptim-CLI uses ImageAlpha\'s internal installation of [pngquant](http://pngquant.org) so it\'s\nnormal that nothing is shown on screen.\n\nIt\'s also possible that if you look in the [Activity Monitor](http://support.apple.com/kb/HT5890)\nyou will not see `pngquant` displayed but it _is_ being run. In my experience it\'s only when you\nrun ImageOptim-CLI on a very large number of PNGs that you have enough time to spot it.\n\n#### Can I configure ImageAlpha\'s settings using ImageOptim-CLI?\n\nImageOptim-CLI is intended to be a simple, convenient, powerful, general-purpose image optimisation\ntool. If your needs have outgrown ImageOptim-CLI it\'s better to\nrun [pngquant](http://pngquant.org) separately, passing whatever custom settings you need.\n\n\n\n\n\n### JPEGmini\n\n#### Can I use ImageOptim-CLI with JPEGmini Lite, the free version of JPEGmini?\n\nNot currently, the full version of JPEGmini already has some subtle differences and JPEGmini Lite\ncauses further fragmentation. It is possible but not a priority, as the free version has a limit of\nprocessing 30 images per day anyway.\n\n#### I upgraded from JPEGmini Lite to JPEGmini but ImageOptim-CLI still says JPEGmini is not installed.\n\nPerforming the in-app upgrade leaves the app named as jpegmini-lite, so ImageOptim-CLI can\'t\ndetermine whether it\'s the free or full version. It is better to instead buy [the full version of\nJPEGmini](https://itunes.apple.com/us/app/jpegmini/id498944723) separately.\n\n#### ImageOptim-CLI says “To automate JPEGmini we need to enable GUI Scripting”, how do I do that?\n\nSee this tutorial on [how to manage Accessibility preferences\nand GUI Scripting](http://www.macosautomation.com/mavericks/guiscripting/index.html). In the case\nof OS X Mavericks, you will want to add the Applications JPEGmini and Terminal (or equivalent such\nas iTerm).\n\n\n\n\n\n### Windows and Linux\n\n#### Can I use ImageOptim-CLI on Windows or Linux?\n\nImageOptim-CLI is responsible for automating 3 OS X applications so is inherently bound to OS X for\nthat reason.\n\n#### Are there any plans for ImageOptim-CLI to support Windows or Linux?\n\nIt would first require ImageOptim, ImageAlpha, and JPEGmini to be available for those platforms.\n\n#### I don\'t have OS X, can you recommend an alternative to ImageOptim-CLI?\n\n[@addyosmani](https://github.com/addyosmani) wrote a really thorough article on [tools for\nimage optimization](http://addyosmani.com/blog/image-optimization-tools/) which discusses a wide\nrange of options in great detail.\n',
36 silly resolved     readmeFilename: 'README.md',
36 silly resolved     _id: 'imageoptim-cli@1.7.11',
36 silly resolved     _from: 'imageoptim-cli@' } ]
37 info install imageoptim-cli@1.7.11 into C:\Users\aotten.JOINMEDIA\AppData\Roaming\npm
38 info installOne imageoptim-cli@1.7.11
39 info C:\Users\aotten.JOINMEDIA\AppData\Roaming\npm\node_modules\imageoptim-cli unbuild
40 info preuninstall imageoptim-cli@1.7.11
41 info uninstall imageoptim-cli@1.7.11
42 verbose true,C:\Users\aotten.JOINMEDIA\AppData\Roaming\npm\node_modules,C:\Users\aotten.JOINMEDIA\AppData\Roaming\npm\node_modules unbuild imageoptim-cli@1.7.11
43 verbose C:\Users\aotten.JOINMEDIA\AppData\Roaming\npm,[object Object] binRoot
44 info postuninstall imageoptim-cli@1.7.11
45 verbose tar unpack C:\Users\aotten.JOINMEDIA\AppData\Roaming\npm-cache\imageoptim-cli\1.7.11\package.tgz
46 silly lockFile 46ba4365--npm-node-modules-imageoptim-cli tar://C:\Users\aotten.JOINMEDIA\AppData\Roaming\npm\node_modules\imageoptim-cli
47 verbose lock tar://C:\Users\aotten.JOINMEDIA\AppData\Roaming\npm\node_modules\imageoptim-cli C:\Users\aotten.JOINMEDIA\AppData\Roaming\npm-cache\46ba4365--npm-node-modules-imageoptim-cli.lock
48 silly lockFile f53697ba-mageoptim-cli-1-7-11-package-tgz tar://C:\Users\aotten.JOINMEDIA\AppData\Roaming\npm-cache\imageoptim-cli\1.7.11\package.tgz
49 verbose lock tar://C:\Users\aotten.JOINMEDIA\AppData\Roaming\npm-cache\imageoptim-cli\1.7.11\package.tgz C:\Users\aotten.JOINMEDIA\AppData\Roaming\npm-cache\f53697ba-mageoptim-cli-1-7-11-package-tgz.lock
50 silly gunzTarPerm modes [ '755', '644' ]
51 silly gunzTarPerm extractEntry package.json
52 silly gunzTarPerm modified mode [ 'package.json', 438, 420 ]
53 silly gunzTarPerm extractEntry .npmignore
54 silly gunzTarPerm modified mode [ '.npmignore', 438, 420 ]
55 silly gunzTarPerm extractEntry README.md
56 silly gunzTarPerm modified mode [ 'README.md', 438, 420 ]
57 silly gunzTarPerm extractEntry CHANGELOG.md
58 silly gunzTarPerm modified mode [ 'CHANGELOG.md', 438, 420 ]
59 silly gunzTarPerm extractEntry CONTRIBUTING.md
60 silly gunzTarPerm modified mode [ 'CONTRIBUTING.md', 438, 420 ]
61 silly gunzTarPerm extractEntry Icon.png
62 silly gunzTarPerm modified mode [ 'Icon.png', 438, 420 ]
63 silly gunzTarPerm extractEntry LICENSE-MIT
64 silly gunzTarPerm modified mode [ 'LICENSE-MIT', 438, 420 ]
65 silly gunzTarPerm extractEntry bin/imageOptim
66 silly gunzTarPerm modified mode [ 'bin/imageOptim', 438, 420 ]
67 silly gunzTarPerm extractEntry bin/imageOptimAppleScriptLib
68 silly gunzTarPerm modified mode [ 'bin/imageOptimAppleScriptLib', 438, 420 ]
69 silly gunzTarPerm extractEntry bin/imageOptimBashLib
70 silly gunzTarPerm modified mode [ 'bin/imageOptimBashLib', 438, 420 ]
71 silly lockFile 46ba4365--npm-node-modules-imageoptim-cli tar://C:\Users\aotten.JOINMEDIA\AppData\Roaming\npm\node_modules\imageoptim-cli
72 silly lockFile 46ba4365--npm-node-modules-imageoptim-cli tar://C:\Users\aotten.JOINMEDIA\AppData\Roaming\npm\node_modules\imageoptim-cli
73 silly lockFile f53697ba-mageoptim-cli-1-7-11-package-tgz tar://C:\Users\aotten.JOINMEDIA\AppData\Roaming\npm-cache\imageoptim-cli\1.7.11\package.tgz
74 silly lockFile f53697ba-mageoptim-cli-1-7-11-package-tgz tar://C:\Users\aotten.JOINMEDIA\AppData\Roaming\npm-cache\imageoptim-cli\1.7.11\package.tgz
75 info preinstall imageoptim-cli@1.7.11
76 verbose readDependencies using package.json deps
77 verbose readDependencies using package.json deps
78 silly resolved []
79 verbose about to build C:\Users\aotten.JOINMEDIA\AppData\Roaming\npm\node_modules\imageoptim-cli
80 info build C:\Users\aotten.JOINMEDIA\AppData\Roaming\npm\node_modules\imageoptim-cli
81 verbose linkStuff [ true,
81 verbose linkStuff   'C:\\Users\\aotten.JOINMEDIA\\AppData\\Roaming\\npm\\node_modules',
81 verbose linkStuff   true,
81 verbose linkStuff   'C:\\Users\\aotten.JOINMEDIA\\AppData\\Roaming\\npm\\node_modules' ]
82 info linkStuff imageoptim-cli@1.7.11
83 verbose linkBins imageoptim-cli@1.7.11
84 verbose link bins [ { imageOptim: 'bin/imageOptim',
84 verbose link bins     imageOptimAppleScriptLib: 'bin/imageOptimAppleScriptLib',
84 verbose link bins     imageOptimBashLib: 'bin/imageOptimBashLib' },
84 verbose link bins   'C:\\Users\\aotten.JOINMEDIA\\AppData\\Roaming\\npm',
84 verbose link bins   true ]
85 verbose linkMans imageoptim-cli@1.7.11
86 verbose rebuildBundles imageoptim-cli@1.7.11
87 info install imageoptim-cli@1.7.11
88 info postinstall imageoptim-cli@1.7.11
89 warn package.json node-build-script@0.2.3 No repository field.
90 warn package.json aardwolf@0.0.0 No repository field.
91 warn package.json aardwolf-plus@0.0.0 No repository field.
92 verbose already installed skipping grunt@~0.4.1 C:\Users\aotten.JOINMEDIA\AppData\Roaming\npm
93 silly resolved []
94 error peerinvalid The package grunt does not satisfy its siblings' peerDependencies requirements!
94 error peerinvalid Peer imageoptim-cli@1.7.11 wants grunt@~0.4.1
95 error System Windows_NT 6.1.7601
96 error command "C:\\Program Files\\nodejs\\\\node.exe" "C:\\Program Files\\nodejs\\node_modules\\npm\\bin\\npm-cli.js" "install" "-g" "imageoptim-cli"
97 error cwd C:\www\jmuilibrary\jm-frontend-boilerplate-ui-library\core
98 error node -v v0.10.26
99 error npm -v 1.4.3
100 error code EPEERINVALID
101 verbose exit [ 1, true ]
